<?xml version="1.0" encoding="UTF-8"?>
<!-- Generated by org.testng.reporters.JUnitReportReporter -->
<testsuite hostname="DESKTOP-8PQEF7J" failures="0" tests="1" name="ApiMethods.GetRequest" time="3.477" errors="0" timestamp="2021-07-29T23:15:06 BST" skipped="0">
  <testcase classname="ApiMethods.GetRequest" name="postRequest" time="3.477"/>
  <system-out/>
</testsuite> <!-- ApiMethods.GetRequest -->
