<?xml version="1.0" encoding="UTF-8"?>
<!-- Generated by org.testng.reporters.JUnitReportReporter -->
<testsuite hostname="DESKTOP-8PQEF7J" failures="0" tests="1" name="ApiMethods.PostRequest" time="3.524" errors="0" timestamp="2021-07-29T22:46:59 BST" skipped="0">
  <testcase classname="ApiMethods.PostRequest" name="postRequest" time="3.524"/>
  <system-out/>
</testsuite> <!-- ApiMethods.PostRequest -->
